[debug] [2021-07-07T16:55:23.885Z] ----------------------------------------------------------------------
[debug] [2021-07-07T16:55:23.887Z] Command:       C:\Program Files\nodejs\node.exe C:\Users\goele\AppData\Roaming\npm\node_modules\firebase-tools\lib\bin\firebase.js init
[debug] [2021-07-07T16:55:23.888Z] CLI Version:   9.14.0
[debug] [2021-07-07T16:55:23.888Z] Platform:      win32
[debug] [2021-07-07T16:55:23.888Z] Node Version:  v14.17.0
[debug] [2021-07-07T16:55:23.889Z] Time:          Wed Jul 07 2021 22:25:23 GMT+0530 (India Standard Time)
[debug] [2021-07-07T16:55:23.889Z] ----------------------------------------------------------------------
[debug] 
[debug] [2021-07-07T16:55:23.899Z] > command requires scopes: ["email","openid","https://www.googleapis.com/auth/cloudplatformprojects.readonly","https://www.googleapis.com/auth/firebase","https://www.googleapis.com/auth/cloud-platform"]
[debug] [2021-07-07T16:55:23.899Z] > authorizing via signed-in user (goel.esha306@gmail.com)
[info] 
     ######## #### ########  ######## ########     ###     ######  ########
     ##        ##  ##     ## ##       ##     ##  ##   ##  ##       ##
     ######    ##  ########  ######   ########  #########  ######  ######
     ##        ##  ##    ##  ##       ##     ## ##     ##       ## ##
     ##       #### ##     ## ######## ########  ##     ##  ######  ########

You're about to initialize a Firebase project in this directory:

  C:\Code\Web d\Uplift\video-chat-app

Before we get started, keep in mind:

  * You are currently outside your home directory

[info] 
=== Project Setup
[info] 
[info] First, let's associate this project directory with a Firebase project.
[info] You can create multiple project aliases by running firebase use --add, 
[info] but for now we'll just set up a default project.
[info] 
[debug] [2021-07-07T16:56:53.256Z] >>> [apiv2][query] GET https://firebase.googleapis.com/v1beta1/projects pageSize=100
[debug] [2021-07-07T16:56:53.838Z] <<< [apiv2][status] GET https://firebase.googleapis.com/v1beta1/projects 200
[debug] [2021-07-07T16:56:53.838Z] <<< [apiv2][body] GET https://firebase.googleapis.com/v1beta1/projects [omitted]
[info] i  Using project video-chat-app-374e7 (Video-Chat-App) 
[info] 
=== Hosting Setup
[info] 
[info] Your public directory is the folder (relative to your project directory) that
[info] will contain Hosting assets to be uploaded with firebase deploy. If you
[info] have a build process for your assets, use your build's output directory.
[info] 
[debug] [2021-07-07T16:59:15.414Z] >>> [apiv2][query] GET https://www.gstatic.com/firebasejs/releases.json [none]
[debug] [2021-07-07T16:59:15.536Z] <<< [apiv2][status] GET https://www.gstatic.com/firebasejs/releases.json 200
[debug] [2021-07-07T16:59:15.536Z] <<< [apiv2][body] GET https://www.gstatic.com/firebasejs/releases.json {"current":{"version":"8.7.0","browserURL":"https://www.gstatic.com/firebasejs/8.7.0/firebase.js","packageURL":"https://www.gstatic.com/firebasejs/8.7.0/firebase.tgz"},"live":{"version":"8.7","browserURL":"https://www.gstatic.com/firebasejs/live/8.7/firebase.js","packageURL":"https://www.gstatic.com/firebasejs/live/8.7/firebase.tgz"},"components":{"analytics":"https://www.gstatic.com/firebasejs/8.7.0/firebase-analytics.js","app":"https://www.gstatic.com/firebasejs/8.7.0/firebase-app.js","app-check":"https://www.gstatic.com/firebasejs/8.7.0/firebase-app-check.js","auth":"https://www.gstatic.com/firebasejs/8.7.0/firebase-auth.js","database":"https://www.gstatic.com/firebasejs/8.7.0/firebase-database.js","firestore":"https://www.gstatic.com/firebasejs/8.7.0/firebase-firestore.js","functions":"https://www.gstatic.com/firebasejs/8.7.0/firebase-functions.js","installations":"https://www.gstatic.com/firebasejs/8.7.0/firebase-installations.js","messaging":"https://www.gstatic.com/firebasejs/8.7.0/firebase-messaging.js","storage":"https://www.gstatic.com/firebasejs/8.7.0/firebase-storage.js","performance":"https://www.gstatic.com/firebasejs/8.7.0/firebase-performance.js","remote-config":"https://www.gstatic.com/firebasejs/8.7.0/firebase-remote-config.js","firestore.memory":"https://www.gstatic.com/firebasejs/8.7.0/firebase-firestore.memory.js"}}
[info] +  Wrote build/index.html 
[info] 
[info] i  Detected a .git folder at C:\Code\Web d\Uplift\video-chat-app 
[info] i  Authorizing with GitHub to upload your service account to a GitHub repository's secrets store. 
[info] 
[info] Visit this URL on this device to log in:
[info] https://github.com/login/oauth/authorize?client_id=89cf50f02ac6aaed3484&state=161688167&redirect_uri=http%3A%2F%2Flocalhost%3A9005&scope=read%3Auser%20repo%20public_repo
[info] 
[info] Waiting for authentication...
[debug] [2021-07-07T16:59:33.244Z] >>> HTTP REQUEST POST https://github.com/login/oauth/access_token  
 {"client_id":"89cf50f02ac6aaed3484","client_secret":"3330d14abc895d9a74d5f17cd7a00711fa2c5bf0","code":"3301cd7211ea94737ab6","redirect_uri":"http://localhost:9005","state":"161688167"}
[debug] [2021-07-07T16:59:33.618Z] <<< HTTP RESPONSE 200 {"server":"GitHub.com","date":"Wed, 07 Jul 2021 16:59:34 GMT","content-type":"application/json; charset=utf-8","transfer-encoding":"chunked","vary":"X-PJAX, Accept-Encoding, Accept, X-Requested-With","permissions-policy":"interest-cohort=()","etag":"W/\"91fed5891328604d5d32610eec383e28\"","cache-control":"max-age=0, private, must-revalidate","strict-transport-security":"max-age=31536000; includeSubdomains; preload","x-frame-options":"deny","x-content-type-options":"nosniff","x-xss-protection":"0","referrer-policy":"origin-when-cross-origin, strict-origin-when-cross-origin","expect-ct":"max-age=2592000, report-uri=\"https://api.github.com/_private/browser/errors\"","content-security-policy":"default-src 'none'; base-uri 'self'; block-all-mixed-content; connect-src 'self' uploads.github.com www.githubstatus.com collector.githubapp.com api.github.com github-cloud.s3.amazonaws.com github-production-repository-file-5c1aeb.s3.amazonaws.com github-production-upload-manifest-file-7fdce7.s3.amazonaws.com github-production-user-asset-6210df.s3.amazonaws.com cdn.optimizely.com logx.optimizely.com/v1/events translator.github.com wss://alive.github.com; font-src github.githubassets.com; form-action 'self' github.com gist.github.com; frame-ancestors 'none'; frame-src render.githubusercontent.com render-temp.githubusercontent.com viewscreen.githubusercontent.com; img-src 'self' data: github.githubassets.com identicons.github.com collector.githubapp.com github-cloud.s3.amazonaws.com secured-user-images.githubusercontent.com/ *.githubusercontent.com; manifest-src 'self'; media-src 'none'; script-src github.githubassets.com; style-src 'unsafe-inline' github.githubassets.com; worker-src github.com/socket-worker-3f088aa2.js gist.github.com/socket-worker-3f088aa2.js","x-github-request-id":"F9DF:527C:7D9E19:89ADBB:60E5DD76"}
[debug] [2021-07-07T16:59:33.625Z] >>> [apiv2][query] GET https://api.github.com/user [none]
[debug] [2021-07-07T16:59:34.043Z] <<< [apiv2][status] GET https://api.github.com/user 200
[debug] [2021-07-07T16:59:34.043Z] <<< [apiv2][body] GET https://api.github.com/user {"login":"esha-goel","id":73998252,"node_id":"MDQ6VXNlcjczOTk4MjUy","avatar_url":"https://avatars.githubusercontent.com/u/73998252?v=4","gravatar_id":"","url":"https://api.github.com/users/esha-goel","html_url":"https://github.com/esha-goel","followers_url":"https://api.github.com/users/esha-goel/followers","following_url":"https://api.github.com/users/esha-goel/following{/other_user}","gists_url":"https://api.github.com/users/esha-goel/gists{/gist_id}","starred_url":"https://api.github.com/users/esha-goel/starred{/owner}{/repo}","subscriptions_url":"https://api.github.com/users/esha-goel/subscriptions","organizations_url":"https://api.github.com/users/esha-goel/orgs","repos_url":"https://api.github.com/users/esha-goel/repos","events_url":"https://api.github.com/users/esha-goel/events{/privacy}","received_events_url":"https://api.github.com/users/esha-goel/received_events","type":"User","site_admin":false,"name":"Esha Goel","company":null,"blog":"","location":null,"email":null,"hireable":null,"bio":null,"twitter_username":null,"public_repos":3,"public_gists":0,"followers":4,"following":4,"created_at":"2020-11-05T12:07:15Z","updated_at":"2021-07-07T16:59:33Z","private_gists":0,"total_private_repos":9,"owned_private_repos":8,"disk_usage":5163,"collaborators":5,"two_factor_authentication":false,"plan":{"name":"free","space":976562499,"collaborators":0,"private_repos":10000}}
[info] 
[info] +  Success! Logged into GitHub as esha-goel 
[info] 
